<?xml version="1.0" encoding="UTF-8"?>
<!-- Generated by org.testng.reporters.JUnitXMLReporter -->
<testsuite hostname="Bipin-PC" name="Default test" tests="5" failures="0" timestamp="31 May 2019 01:45:56 GMT" time="15.146" errors="0">
  <testcase name="ValidateCompanyCount" time="4.307" classname="com.MDAS.SeleniumFramework.tests.ValidateCompanyFeatures"/>
  <testcase name="ValidateCompanyName" time="0.434" classname="com.MDAS.SeleniumFramework.tests.ValidateCompanyFeatures"/>
  <testcase name="ValidateMultiplePies" time="0.314" classname="com.MDAS.SeleniumFramework.tests.ValidateCompanyFeatures"/>
  <testcase name="ValidateMultipleSectors" time="0.367" classname="com.MDAS.SeleniumFramework.tests.ValidateCompanyFeatures"/>
  <testcase name="ValidateWeightOfSectors" time="0.975" classname="com.MDAS.SeleniumFramework.tests.ValidateCompanyFeatures"/>
</testsuite> <!-- Default test -->
