<?xml version="1.0" encoding="UTF-8"?>
<testng-results skipped="0" failed="0" total="5" passed="5">
  <reporter-output>
  </reporter-output>
  <suite name="Default suite" duration-ms="15146" started-at="2019-05-31T01:45:41Z" finished-at="2019-05-31T01:45:56Z">
    <groups>
      <group name="REGRESSION">
        <method signature="ValidateCompanyFeatures.ValidateCompanyCount()[pri:0, instance:com.MDAS.SeleniumFramework.tests.ValidateCompanyFeatures@ac6e3]" name="ValidateCompanyCount" class="com.MDAS.SeleniumFramework.tests.ValidateCompanyFeatures"/>
        <method signature="ValidateCompanyFeatures.ValidateCompanyName()[pri:0, instance:com.MDAS.SeleniumFramework.tests.ValidateCompanyFeatures@ac6e3]" name="ValidateCompanyName" class="com.MDAS.SeleniumFramework.tests.ValidateCompanyFeatures"/>
        <method signature="ValidateCompanyFeatures.ValidateMultiplePies()[pri:0, instance:com.MDAS.SeleniumFramework.tests.ValidateCompanyFeatures@ac6e3]" name="ValidateMultiplePies" class="com.MDAS.SeleniumFramework.tests.ValidateCompanyFeatures"/>
        <method signature="ValidateCompanyFeatures.ValidateMultipleSectors()[pri:0, instance:com.MDAS.SeleniumFramework.tests.ValidateCompanyFeatures@ac6e3]" name="ValidateMultipleSectors" class="com.MDAS.SeleniumFramework.tests.ValidateCompanyFeatures"/>
        <method signature="ValidateCompanyFeatures.ValidateWeightOfSectors()[pri:0, instance:com.MDAS.SeleniumFramework.tests.ValidateCompanyFeatures@ac6e3]" name="ValidateWeightOfSectors" class="com.MDAS.SeleniumFramework.tests.ValidateCompanyFeatures"/>
      </group> <!-- REGRESSION -->
    </groups>
    <test name="Default test" duration-ms="15146" started-at="2019-05-31T01:45:41Z" finished-at="2019-05-31T01:45:56Z">
      <class name="com.MDAS.SeleniumFramework.tests.ValidateCompanyFeatures">
        <test-method status="PASS" signature="setupMethod()[pri:0, instance:com.MDAS.SeleniumFramework.tests.ValidateCompanyFeatures@ac6e3]" name="setupMethod" is-config="true" duration-ms="8002" started-at="2019-05-30T21:45:41Z" finished-at="2019-05-30T21:45:49Z">
          <reporter-output>
          </reporter-output>
        </test-method> <!-- setupMethod -->
        <test-method status="PASS" signature="ValidateCompanyCount()[pri:0, instance:com.MDAS.SeleniumFramework.tests.ValidateCompanyFeatures@ac6e3]" name="ValidateCompanyCount" duration-ms="4307" started-at="2019-05-30T21:45:49Z" description="Validate Company profiles are available on company page" finished-at="2019-05-30T21:45:53Z">
          <reporter-output>
          </reporter-output>
        </test-method> <!-- ValidateCompanyCount -->
        <test-method status="PASS" signature="ValidateCompanyName()[pri:0, instance:com.MDAS.SeleniumFramework.tests.ValidateCompanyFeatures@ac6e3]" name="ValidateCompanyName" duration-ms="434" started-at="2019-05-30T21:45:53Z" description="Validate Company Name are available on company page" finished-at="2019-05-30T21:45:54Z">
          <reporter-output>
          </reporter-output>
        </test-method> <!-- ValidateCompanyName -->
        <test-method status="PASS" signature="ValidateMultiplePies()[pri:0, instance:com.MDAS.SeleniumFramework.tests.ValidateCompanyFeatures@ac6e3]" name="ValidateMultiplePies" duration-ms="314" started-at="2019-05-30T21:45:54Z" description="Validate Company tiles has two pies so user can make a comparision" finished-at="2019-05-30T21:45:54Z">
          <reporter-output>
          </reporter-output>
        </test-method> <!-- ValidateMultiplePies -->
        <test-method status="PASS" signature="ValidateMultipleSectors()[pri:0, instance:com.MDAS.SeleniumFramework.tests.ValidateCompanyFeatures@ac6e3]" name="ValidateMultipleSectors" duration-ms="367" started-at="2019-05-30T21:45:54Z" description="Validate Company tile has 10 sectors" finished-at="2019-05-30T21:45:55Z">
          <reporter-output>
          </reporter-output>
        </test-method> <!-- ValidateMultipleSectors -->
        <test-method status="PASS" signature="ValidateWeightOfSectors()[pri:0, instance:com.MDAS.SeleniumFramework.tests.ValidateCompanyFeatures@ac6e3]" name="ValidateWeightOfSectors" duration-ms="975" started-at="2019-05-30T21:45:55Z" description="Company tiles has weightage for all sectors" finished-at="2019-05-30T21:45:56Z">
          <reporter-output>
          </reporter-output>
        </test-method> <!-- ValidateWeightOfSectors -->
        <test-method status="PASS" signature="tearDownMethod()[pri:0, instance:com.MDAS.SeleniumFramework.tests.ValidateCompanyFeatures@ac6e3]" name="tearDownMethod" is-config="true" duration-ms="725" started-at="2019-05-30T21:45:56Z" finished-at="2019-05-30T21:45:56Z">
          <reporter-output>
          </reporter-output>
        </test-method> <!-- tearDownMethod -->
      </class> <!-- com.MDAS.SeleniumFramework.tests.ValidateCompanyFeatures -->
    </test> <!-- Default test -->
  </suite> <!-- Default suite -->
</testng-results>
